\BOOKMARK [0][-]{chapter.1}{\376\377\000I\000n\000t\000r\000o\000d\000u\000c\000t\000i\000o\000n}{}% 1
\BOOKMARK [1][-]{section.1.1}{\376\377\000T\000h\000e\000\040\000C\000o\000n\000v\000e\000r\000g\000e\000n\000t\000-\000D\000i\000v\000e\000r\000g\000e\000n\000t\000\040\000N\000o\000z\000z\000l\000e}{chapter.1}% 2
\BOOKMARK [1][-]{section.1.2}{\376\377\000P\000h\000y\000s\000i\000c\000s\000\040\000o\000f\000\040\000C\000o\000n\000v\000e\000r\000g\000e\000n\000t\000-\000D\000i\000v\000e\000r\000g\000e\000n\000t\000\040\000N\000o\000z\000z\000l\000e\000\040\000F\000l\000o\000w}{chapter.1}% 3
\BOOKMARK [1][-]{section.1.3}{\376\377\000A\000e\000r\000o\000t\000h\000e\000r\000m\000o\000d\000y\000n\000a\000m\000i\000c\000\040\000D\000e\000s\000i\000g\000n}{chapter.1}% 4
\BOOKMARK [1][-]{section.1.4}{\376\377\000T\000h\000e\000\040\000C\000o\000m\000p\000u\000t\000a\000t\000i\000o\000n\000a\000l\000\040\000B\000o\000o\000t\000l\000e\000n\000e\000c\000k\000:\000\040\000A\000c\000c\000u\000r\000a\000c\000y\000\040\000v\000s\000.\000\040\000C\000o\000s\000t}{chapter.1}% 5
\BOOKMARK [1][-]{section.1.5}{\376\377\000M\000u\000l\000t\000i\000f\000i\000d\000e\000l\000i\000t\000y\000\040\000S\000u\000r\000r\000o\000g\000a\000t\000e\000\040\000M\000o\000d\000e\000l\000s}{chapter.1}% 6
\BOOKMARK [1][-]{section.1.6}{\376\377\000O\000b\000j\000e\000c\000t\000i\000v\000e\000s\000\040\000a\000n\000d\000\040\000C\000o\000n\000t\000r\000i\000b\000u\000t\000i\000o\000n\000s}{chapter.1}% 7
\BOOKMARK [1][-]{section.1.7}{\376\377\000D\000i\000s\000s\000e\000r\000t\000a\000t\000i\000o\000n\000\040\000O\000u\000t\000l\000i\000n\000e}{chapter.1}% 8
\BOOKMARK [0][-]{chapter.2}{\376\377\000C\000o\000m\000p\000r\000e\000s\000s\000i\000b\000l\000e\000\040\000F\000l\000o\000w\000\040\000a\000n\000d\000\040\000N\000o\000z\000z\000l\000e\000\040\000A\000e\000r\000o\000t\000h\000e\000r\000m\000o\000d\000y\000n\000a\000m\000i\000c\000s}{}% 9
\BOOKMARK [1][-]{section.2.1}{\376\377\000G\000o\000v\000e\000r\000n\000i\000n\000g\000\040\000E\000q\000u\000a\000t\000i\000o\000n\000s\000\040\000o\000f\000\040\000F\000l\000u\000i\000d\000\040\000D\000y\000n\000a\000m\000i\000c\000s}{chapter.2}% 10
\BOOKMARK [2][-]{subsection.2.1.1}{\376\377\000T\000h\000e\000\040\000E\000u\000l\000e\000r\000\040\000E\000q\000u\000a\000t\000i\000o\000n\000s}{section.2.1}% 11
\BOOKMARK [2][-]{subsection.2.1.2}{\376\377\000T\000h\000e\000\040\000R\000e\000y\000n\000o\000l\000d\000s\000-\000A\000v\000e\000r\000a\000g\000e\000d\000\040\000N\000a\000v\000i\000e\000r\000-\000S\000t\000o\000k\000e\000s\000\040\000\050\000R\000A\000N\000S\000\051\000\040\000E\000q\000u\000a\000t\000i\000o\000n\000s}{section.2.1}% 12
\BOOKMARK [1][-]{section.2.2}{\376\377\000C\000o\000n\000j\000u\000g\000a\000t\000e\000\040\000H\000e\000a\000t\000\040\000T\000r\000a\000n\000s\000f\000e\000r\000\040\000a\000n\000d\000\040\000S\000o\000l\000i\000d\000\040\000C\000o\000n\000d\000u\000c\000t\000i\000o\000n}{chapter.2}% 13
\BOOKMARK [0][-]{chapter.3}{\376\377\000C\000o\000m\000p\000u\000t\000a\000t\000i\000o\000n\000a\000l\000\040\000F\000r\000a\000m\000e\000w\000o\000r\000k}{}% 14
\BOOKMARK [1][-]{section.3.1}{\376\377\000L\000o\000w\000-\000F\000i\000d\000e\000l\000i\000t\000y\000\040\000S\000i\000m\000u\000l\000a\000t\000i\000o\000n\000:\000\040\000T\000h\000e\000\040\000Q\000u\000a\000s\000i\000-\0001\000D\000\040\000E\000u\000l\000e\000r\000\040\000S\000o\000l\000v\000e\000r}{chapter.3}% 15
\BOOKMARK [2][-]{subsection.3.1.1}{\376\377\000I\000m\000p\000l\000e\000m\000e\000n\000t\000a\000t\000i\000o\000n\000\040\000a\000n\000d\000\040\000N\000u\000m\000e\000r\000i\000c\000a\000l\000\040\000M\000e\000t\000h\000o\000d}{section.3.1}% 16
\BOOKMARK [2][-]{subsection.3.1.2}{\376\377\000N\000u\000m\000e\000r\000i\000c\000a\000l\000\040\000V\000e\000r\000i\000f\000i\000c\000a\000t\000i\000o\000n}{section.3.1}% 17
\BOOKMARK [1][-]{section.3.2}{\376\377\000H\000i\000g\000h\000-\000F\000i\000d\000e\000l\000i\000t\000y\000\040\000S\000i\000m\000u\000l\000a\000t\000i\000o\000n\000:\000\040\000T\000h\000e\000\040\0002\000D\000\040\000R\000A\000N\000S\000-\000C\000H\000T\000\040\000A\000p\000p\000r\000o\000a\000c\000h}{chapter.3}% 18
\BOOKMARK [2][-]{subsection.3.2.1}{\376\377\000T\000h\000e\000\040\000S\000U\0002\000\040\000C\000F\000D\000\040\000S\000u\000i\000t\000e}{section.3.2}% 19
\BOOKMARK [2][-]{subsection.3.2.2}{\376\377\000M\000o\000d\000e\000l\000\040\000S\000e\000t\000u\000p}{section.3.2}% 20
\BOOKMARK [2][-]{subsection.3.2.3}{\376\377\000N\000u\000m\000e\000r\000i\000c\000a\000l\000\040\000V\000e\000r\000i\000f\000i\000c\000a\000t\000i\000o\000n\000:\000\040\000G\000r\000i\000d\000\040\000I\000n\000d\000e\000p\000e\000n\000d\000e\000n\000c\000e\000\040\000S\000t\000u\000d\000y}{section.3.2}% 21
\BOOKMARK [2][-]{subsection.3.2.4}{\376\377\000N\000u\000m\000e\000r\000i\000c\000a\000l\000\040\000V\000a\000l\000i\000d\000a\000t\000i\000o\000n\000\040\000w\000i\000t\000h\000\040\000E\000x\000p\000e\000r\000i\000m\000e\000n\000t\000a\000l\000\040\000D\000a\000t\000a}{section.3.2}% 22
\BOOKMARK [1][-]{section.3.3}{\376\377\000P\000a\000r\000a\000m\000e\000t\000r\000i\000c\000\040\000D\000a\000t\000a\000\040\000G\000e\000n\000e\000r\000a\000t\000i\000o\000n\000\040\000f\000o\000r\000\040\000M\000o\000d\000e\000l\000\040\000T\000r\000a\000i\000n\000i\000n\000g}{chapter.3}% 23
\BOOKMARK [0][-]{chapter.4}{\376\377\000D\000a\000t\000a\000-\000D\000r\000i\000v\000e\000n\000\040\000F\000l\000o\000w\000\040\000R\000e\000c\000o\000n\000s\000t\000r\000u\000c\000t\000i\000o\000n\000\040\000v\000i\000a\000\040\000R\000e\000d\000u\000c\000e\000d\000\040\000O\000r\000d\000e\000r\000\040\000M\000o\000d\000e\000l\000i\000n\000g}{}% 24
\BOOKMARK [1][-]{section.4.1}{\376\377\000R\000e\000d\000u\000c\000e\000d\000\040\000O\000r\000d\000e\000r\000\040\000M\000o\000d\000e\000l\000i\000n\000g\000\040\000\050\000R\000O\000M\000\051}{chapter.4}% 25
\BOOKMARK [1][-]{section.4.2}{\376\377\000P\000r\000o\000p\000e\000r\000\040\000O\000r\000t\000h\000o\000g\000o\000n\000a\000l\000\040\000D\000e\000c\000o\000m\000p\000o\000s\000i\000t\000i\000o\000n\000\040\000\050\000P\000O\000D\000\051}{chapter.4}% 26
\BOOKMARK [2][-]{subsection.4.2.1}{\376\377\000T\000h\000e\000\040\000S\000n\000a\000p\000s\000h\000o\000t\000\040\000M\000e\000t\000h\000o\000d}{section.4.2}% 27
\BOOKMARK [2][-]{subsection.4.2.2}{\376\377\000A\000p\000p\000l\000i\000c\000a\000t\000i\000o\000n\000\040\000a\000n\000d\000\040\000E\000f\000f\000i\000c\000a\000c\000y}{section.4.2}% 28
\BOOKMARK [1][-]{section.4.3}{\376\377\000S\000u\000r\000r\000o\000g\000a\000t\000e\000\040\000M\000o\000d\000e\000l\000i\000n\000g\000\040\000f\000o\000r\000\040\000L\000a\000t\000e\000n\000t\000\040\000S\000p\000a\000c\000e\000\040\000M\000a\000p\000p\000i\000n\000g}{chapter.4}% 29
\BOOKMARK [2][-]{subsection.4.3.1}{\376\377\000T\000h\000e\000\040\000A\000r\000t\000i\000f\000i\000c\000i\000a\000l\000\040\000N\000e\000u\000r\000a\000l\000\040\000N\000e\000t\000w\000o\000r\000k\000\040\000\050\000A\000N\000N\000\051\000\040\000A\000p\000p\000r\000o\000x\000i\000m\000a\000t\000o\000r}{section.4.3}% 30
\BOOKMARK [2][-]{subsection.4.3.2}{\376\377\000T\000h\000e\000\040\000K\000r\000i\000g\000i\000n\000g\000\040\000I\000n\000t\000e\000r\000p\000o\000l\000a\000t\000o\000r}{section.4.3}% 31
\BOOKMARK [0][-]{chapter.5}{\376\377\000A\000n\000a\000l\000y\000s\000i\000s\000\040\000o\000f\000\040\000M\000o\000d\000e\000l\000\040\000P\000e\000r\000f\000o\000r\000m\000a\000n\000c\000e\000\040\000a\000n\000d\000\040\000C\000o\000m\000p\000u\000t\000a\000t\000i\000o\000n\000a\000l\000\040\000E\000f\000f\000i\000c\000i\000e\000n\000c\000y}{}% 32
\BOOKMARK [1][-]{section.5.1}{\376\377\000F\000l\000o\000w\000\040\000F\000i\000e\000l\000d\000\040\000R\000e\000c\000o\000n\000s\000t\000r\000u\000c\000t\000i\000o\000n\000\040\000A\000c\000c\000u\000r\000a\000c\000y}{chapter.5}% 33
\BOOKMARK [2][-]{subsection.5.1.1}{\376\377\000N\000e\000u\000r\000a\000l\000\040\000N\000e\000t\000w\000o\000r\000k\000\040\000R\000e\000c\000o\000n\000s\000t\000r\000u\000c\000t\000i\000o\000n}{section.5.1}% 34
\BOOKMARK [1][-]{section.5.2}{\376\377\000A\000\040\000C\000o\000m\000p\000a\000r\000a\000t\000i\000v\000e\000\040\000A\000s\000s\000e\000s\000s\000m\000e\000n\000t\000\040\000o\000f\000\040\000S\000u\000r\000r\000o\000g\000a\000t\000e\000\040\000M\000o\000d\000e\000l\000i\000n\000g\000\040\000T\000e\000c\000h\000n\000i\000q\000u\000e\000s}{chapter.5}% 35
\BOOKMARK [1][-]{section.5.3}{\376\377\000E\000v\000a\000l\000u\000a\000t\000i\000o\000n\000\040\000o\000f\000\040\000C\000o\000m\000p\000u\000t\000a\000t\000i\000o\000n\000a\000l\000\040\000G\000a\000i\000n\000s\000\040\000a\000n\000d\000\040\000E\000n\000g\000i\000n\000e\000e\000r\000i\000n\000g\000\040\000I\000m\000p\000a\000c\000t}{chapter.5}% 36
\BOOKMARK [0][-]{chapter.6}{\376\377\000S\000y\000n\000t\000h\000e\000s\000i\000s\000,\000\040\000C\000o\000n\000c\000l\000u\000s\000i\000o\000n\000s\000,\000\040\000a\000n\000d\000\040\000F\000u\000t\000u\000r\000e\000\040\000D\000i\000r\000e\000c\000t\000i\000o\000n\000s}{}% 37
\BOOKMARK [1][-]{section.6.1}{\376\377\000S\000y\000n\000t\000h\000e\000s\000i\000s\000\040\000o\000f\000\040\000F\000i\000n\000d\000i\000n\000g\000s}{chapter.6}% 38
\BOOKMARK [1][-]{section.6.2}{\376\377\000C\000o\000n\000c\000l\000u\000d\000i\000n\000g\000\040\000R\000e\000m\000a\000r\000k\000s}{chapter.6}% 39
\BOOKMARK [1][-]{section.6.3}{\376\377\000F\000u\000t\000u\000r\000e\000\040\000D\000i\000r\000e\000c\000t\000i\000o\000n\000s\000\040\000a\000n\000d\000\040\000B\000r\000o\000a\000d\000e\000r\000\040\000I\000m\000p\000a\000c\000t}{chapter.6}% 40
\BOOKMARK [0][-]{chapter*.33}{\376\377\000B\000i\000b\000l\000i\000o\000g\000r\000a\000p\000h\000y}{}% 41
